c:\users\jun\documents\github\assigment3\spatial-data-structures-for-collision\cs350\x64\release\vc143.pdb
c:\users\jun\documents\github\assigment3\spatial-data-structures-for-collision\cs350\x64\release\shader.obj
c:\users\jun\documents\github\assigment3\spatial-data-structures-for-collision\cs350\x64\release\scene.obj
c:\users\jun\documents\github\assigment3\spatial-data-structures-for-collision\cs350\x64\release\transform.obj
c:\users\jun\documents\github\assigment3\spatial-data-structures-for-collision\cs350\x64\release\spatialpartitioning.obj
c:\users\jun\documents\github\assigment3\spatial-data-structures-for-collision\cs350\x64\release\simplescene_quad.obj
c:\users\jun\documents\github\assigment3\spatial-data-structures-for-collision\cs350\x64\release\model.obj
c:\users\jun\documents\github\assigment3\spatial-data-structures-for-collision\cs350\x64\release\mesh.obj
c:\users\jun\documents\github\assigment3\spatial-data-structures-for-collision\cs350\x64\release\glapplication.obj
c:\users\jun\documents\github\assigment3\spatial-data-structures-for-collision\cs350\x64\release\gameobject.obj
c:\users\jun\documents\github\assigment3\spatial-data-structures-for-collision\cs350\x64\release\imgui_widgets.obj
c:\users\jun\documents\github\assigment3\spatial-data-structures-for-collision\cs350\x64\release\imgui_tables.obj
c:\users\jun\documents\github\assigment3\spatial-data-structures-for-collision\cs350\x64\release\imgui_draw.obj
c:\users\jun\documents\github\assigment3\spatial-data-structures-for-collision\cs350\x64\release\imgui_demo.obj
c:\users\jun\documents\github\assigment3\spatial-data-structures-for-collision\cs350\x64\release\imgui.obj
c:\users\jun\documents\github\assigment3\spatial-data-structures-for-collision\cs350\x64\release\imgui_impl_opengl3.obj
c:\users\jun\documents\github\assigment3\spatial-data-structures-for-collision\cs350\x64\release\imgui_impl_glfw.obj
c:\users\jun\documents\github\assigment3\spatial-data-structures-for-collision\cs350\x64\release\collision.obj
c:\users\jun\documents\github\assigment3\spatial-data-structures-for-collision\cs350\x64\release\camera.obj
c:\users\jun\documents\github\assigment3\spatial-data-structures-for-collision\cs350\x64\release\boundingvolume.obj
c:\users\jun\documents\github\assigment3\spatial-data-structures-for-collision\cs350\x64\release\cs350.ipdb
c:\users\jun\documents\github\assigment3\spatial-data-structures-for-collision\cs350\x64\release\cs350.iobj
c:\users\jun\documents\github\assigment3\spatial-data-structures-for-collision\cs350\x64\release\bvhierarchy.obj
c:\users\jun\documents\github\assigment3\spatial-data-structures-for-collision\x64\release\cs350.pdb
c:\users\jun\documents\github\assigment3\spatial-data-structures-for-collision\cs350\x64\release\cs350.tlog\cl.command.1.tlog
c:\users\jun\documents\github\assigment3\spatial-data-structures-for-collision\cs350\x64\release\cs350.tlog\cl.items.tlog
c:\users\jun\documents\github\assigment3\spatial-data-structures-for-collision\cs350\x64\release\cs350.tlog\cl.read.1.tlog
c:\users\jun\documents\github\assigment3\spatial-data-structures-for-collision\cs350\x64\release\cs350.tlog\cl.write.1.tlog
c:\users\jun\documents\github\assigment3\spatial-data-structures-for-collision\cs350\x64\release\cs350.tlog\link.command.1.tlog
c:\users\jun\documents\github\assigment3\spatial-data-structures-for-collision\cs350\x64\release\cs350.tlog\link.read.1.tlog
c:\users\jun\documents\github\assigment3\spatial-data-structures-for-collision\cs350\x64\release\cs350.tlog\link.secondary.1.tlog
c:\users\jun\documents\github\assigment3\spatial-data-structures-for-collision\cs350\x64\release\cs350.tlog\link.write.1.tlog
