  BoundingVolume.cpp
  Collision.cpp
  GLApplication.cpp
C:\Users\jun\Documents\GitHub\assigment3\Spatial-Data-Structures-for-Collision\1.0 - Simple Scene\Collision.cpp(45,12): warning C4101: 'p1': unreferenced local variable
  Mesh.cpp
  Model.cpp
  SimpleScene_Quad.cpp
C:\Users\jun\Documents\GitHub\assigment3\Spatial-Data-Structures-for-Collision\1.0 - Simple Scene\SimpleScene_Quad.cpp(336,20): warning C4267: 'argument': conversion from 'size_t' to 'int', possible loss of data
C:\Users\jun\Documents\GitHub\assigment3\Spatial-Data-Structures-for-Collision\1.0 - Simple Scene\SimpleScene_Quad.cpp(419,18): warning C4018: '<': signed/unsigned mismatch
  SpatialPartitioning.cpp
C:\Users\jun\Documents\GitHub\assigment3\Spatial-Data-Structures-for-Collision\1.0 - Simple Scene\SpatialPartitioning.cpp(98,14): warning C4267: '=': conversion from 'size_t' to 'int', possible loss of data
C:\Users\jun\Documents\GitHub\assigment3\Spatial-Data-Structures-for-Collision\1.0 - Simple Scene\SpatialPartitioning.cpp(145,16): warning C4267: 'initializing': conversion from 'size_t' to 'int', possible loss of data
C:\Users\jun\Documents\GitHub\assigment3\Spatial-Data-Structures-for-Collision\1.0 - Simple Scene\SpatialPartitioning.cpp(192,17): warning C4267: 'initializing': conversion from 'size_t' to 'int', possible loss of data
  VisualEntity.cpp
  transCalculate.cpp
  Generating code
  1 of 2800 functions (<0.1%) were compiled, the rest were copied from previous compilation.
    0 functions were new in current compilation
    21 functions had inline decision re-evaluated but remain unchanged
  Finished generating code
  CS350.vcxproj -> C:\Users\jun\Documents\GitHub\assigment3\Spatial-Data-Structures-for-Collision\x64\Release\CS350.exe
