  BoundingVolume.cpp
  Camera.cpp
  Collision.cpp
  GLApplication.cpp
C:\Users\jun\Documents\GitHub\assigment3\Spatial-Data-Structures-for-Collision\1.0 - Simple Scene\Collision.cpp(45,12): warning C4101: 'p1': unreferenced local variable
  Mesh.cpp
  Model.cpp
  SpatialPartitioning.cpp
C:\Users\jun\Documents\GitHub\assigment3\Spatial-Data-Structures-for-Collision\1.0 - Simple Scene\SpatialPartitioning.cpp(98,14): warning C4267: '=': conversion from 'size_t' to 'int', possible loss of data
C:\Users\jun\Documents\GitHub\assigment3\Spatial-Data-Structures-for-Collision\1.0 - Simple Scene\SpatialPartitioning.cpp(145,16): warning C4267: 'initializing': conversion from 'size_t' to 'int', possible loss of data
C:\Users\jun\Documents\GitHub\assigment3\Spatial-Data-Structures-for-Collision\1.0 - Simple Scene\SpatialPartitioning.cpp(192,17): warning C4267: 'initializing': conversion from 'size_t' to 'int', possible loss of data
  VisualEntity.cpp
  imgui_impl_glfw.cpp
  imgui_impl_opengl3.cpp
  imgui.cpp
  imgui_demo.cpp
  imgui_draw.cpp
  imgui_tables.cpp
  imgui_widgets.cpp
  modelscene.cpp
C:\Users\jun\Documents\GitHub\assigment3\Spatial-Data-Structures-for-Collision\1.0 - Simple Scene\modelscene.cpp(336,20): warning C4267: 'argument': conversion from 'size_t' to 'int', possible loss of data
C:\Users\jun\Documents\GitHub\assigment3\Spatial-Data-Structures-for-Collision\1.0 - Simple Scene\modelscene.cpp(419,18): warning C4018: '<': signed/unsigned mismatch
  transCalculate.cpp
  Scene.cpp
  shader.cpp
  Generating code
  0 of 2800 functions ( 0.0%) were compiled, the rest were copied from previous compilation.
    0 functions were new in current compilation
    0 functions had inline decision re-evaluated but remain unchanged
  Finished generating code
  CS350.vcxproj -> C:\Users\jun\Documents\GitHub\assigment3\Spatial-Data-Structures-for-Collision\x64\Release\Assignment_3.exe
